./d3b2_bv_solver object_settings.txt ex.dat

-- multi_fbeam --
 "ipw.txt" No.00 -- plane wave --
wave length of incident beam in vacuum      :           1.064
refractive index of surrounding             :            1.33
incident beam power per unit area           :           0.001
x-component of polarization coefficient     :      1+      0i
y-component of polarization coefficient     :      0+      0i
x-component of translation vector           :               0
y-component of translation vector           :               0
z-component of translation vector           :               0
rotation parameter theta               [rad]:               0
rotation parameter phi                 [rad]:               0

********** object 0 **********
data file name                : cone_m1_md_x00.obj
additional translation vector : (       0,       0,   -0.13)
-- medium data --
medium data file name                  : medium_data.txt
medium (domain) id  1 refractive index :    0.06 +        4I
-- mesh data --
mesh data file name    : cone_m1.msh
node number            :      893
defined element number :     1818
********** object 1 **********
data file name                : cone_m1_md_xpi.obj
additional translation vector : (       0,       0,    0.13)
-- medium data --
medium data file name                  : medium_data.txt
medium (domain) id  1 refractive index :    0.06 +        4I
-- mesh data --
mesh data file name    : cone_m1.msh
node number            :      893
defined element number :     1818
-- rotation and translation settings --
vector defining rotation axis :(       1,       0,       0)
rotation angle           [rad]:  3.141593


initialize boundary value
object  0
  solve mEMP boundary value finished. Elapsed time :     5 (sec)
object  1
  solve mEMP boundary value finished. Elapsed time :     6 (sec)

the first iterative operation
object  0
  add scattered field       finished. Elapsed time :    11 (sec)
object  1
  add scattered field       finished. Elapsed time :    12 (sec)
object  0
  solve mEMP boundary value finished. Elapsed time :     5 (sec)
object  1
  solve mEMP boundary value finished. Elapsed time :     5 (sec)
Estimated time per one iteration :    33 (sec)

iterative operation start. convergence criterion cc < 1e-06
count =  2, cc = 0.139993
count =  3, cc = 0.0246313
count =  4, cc = 0.00269554
count =  5, cc = 0.000326093
count =  6, cc = 4.11041e-05
count =  7, cc = 5.804e-06
count =  8, cc = 1.22438e-06
count =  9, cc = 7.28342e-07
count = 10, cc = 1.58738e-06
count = 11, cc = 1.55732e-06
count = 12, cc = 1.23456e-06
count = 13, cc = 1.14565e-06
count = 14, cc = 4.20329e-07
finished. Elapsed time :   435 (sec)
