../d3b2_bv_solver object_settings.txt veri.dat

-- multi_fbeam --
 "ipw.txt" No.00 -- plane wave --
wave length of incident beam in vacuum      :           1.064
refractive index of surrounding             :            1.33
incident beam power per unit area           :           0.001
x-component of polarization coefficient     :      1+      0i
y-component of polarization coefficient     :      0+      0i
x-component of translation vector           :               0
y-component of translation vector           :               0
z-component of translation vector           :               0
rotation parameter theta               [rad]:             0.3
rotation parameter phi                 [rad]:               0

********** object 0 **********
data file name                : cone_m1_md.obj
additional translation vector : (       0,       0,     0.2)
-- medium data --
medium data file name                  : medium_data.txt
medium (domain) id  1 refractive index :    0.06 +        4I
-- mesh data --
mesh data file name    : cone_m1.msh
node number            :      569
defined element number :     1162
********** object 1 **********
data file name                : cone_m1_md.obj
additional translation vector : (       0,       0,    -0.2)
-- medium data --
medium data file name                  : medium_data.txt
medium (domain) id  1 refractive index :    0.06 +        4I
-- mesh data --
mesh data file name    : cone_m1.msh
node number            :      569
defined element number :     1162


initialize boundary value
object  0
  solve mEMP boundary value finished. Elapsed time :     3 (sec)
object  1
  solve mEMP boundary value finished. Elapsed time :     4 (sec)

the first iterative operation
object  0
  add scattered field       finished. Elapsed time :    11 (sec)
object  1
  add scattered field       finished. Elapsed time :    11 (sec)
object  0
  solve mEMP boundary value finished. Elapsed time :     3 (sec)
object  1
  solve mEMP boundary value finished. Elapsed time :     4 (sec)
Estimated time per one iteration :    29 (sec)

iterative operation start. convergence criterion cc < 1e-08
count =  2, cc = 0.102157
count =  3, cc = 0.0138551
count =  4, cc = 0.00211684
count =  5, cc = 0.000291504
count =  6, cc = 5.02231e-05
count =  7, cc = 7.04339e-06
count =  8, cc = 1.28062e-06
count =  9, cc = 1.85011e-07
count = 10, cc = 3.38752e-08
count = 11, cc = 4.89639e-09
finished. Elapsed time :   291 (sec)
